c:\users\trand\documents\github\c_templates\opengl4\opengl4\release\vc143.pdb
c:\users\trand\documents\github\c_templates\opengl4\opengl4\release\textlabel.obj
c:\users\trand\documents\github\c_templates\opengl4\opengl4\release\skybox.obj
c:\users\trand\documents\github\c_templates\opengl4\opengl4\release\shaderloader.obj
c:\users\trand\documents\github\c_templates\opengl4\opengl4\release\mesh.obj
c:\users\trand\documents\github\c_templates\opengl4\opengl4\release\main.obj
c:\users\trand\documents\github\c_templates\opengl4\opengl4\release\lightmanager.obj
c:\users\trand\documents\github\c_templates\opengl4\opengl4\release\gameobject.obj
c:\users\trand\documents\github\c_templates\opengl4\opengl4\release\fontloader.obj
c:\users\trand\documents\github\c_templates\opengl4\opengl4\release\camera.obj
c:\users\trand\documents\github\c_templates\opengl4\opengl4\release\textureloader.obj
c:\users\trand\documents\github\c_templates\opengl4\release\opengl4.exe
c:\users\trand\documents\github\c_templates\opengl4\opengl4\release\opengl4.ipdb
c:\users\trand\documents\github\c_templates\opengl4\opengl4\release\opengl4.iobj
c:\users\trand\documents\github\c_templates\opengl4\release\opengl4.pdb
c:\users\trand\documents\github\c_templates\opengl4\opengl4\release\opengl4.tlog\cl.command.1.tlog
c:\users\trand\documents\github\c_templates\opengl4\opengl4\release\opengl4.tlog\cl.read.1.tlog
c:\users\trand\documents\github\c_templates\opengl4\opengl4\release\opengl4.tlog\cl.write.1.tlog
c:\users\trand\documents\github\c_templates\opengl4\opengl4\release\opengl4.tlog\link.command.1.tlog
c:\users\trand\documents\github\c_templates\opengl4\opengl4\release\opengl4.tlog\link.read.1.tlog
c:\users\trand\documents\github\c_templates\opengl4\opengl4\release\opengl4.tlog\link.write.1.tlog
